app/build/intermediates/manifest_merge_blame_file/debug/manifest-merger-blame-debug-report.txt
1<?xml version="1.0" encoding="utf-8"?>
2<manifest xmlns:android="http://schemas.android.com/apk/res/android"
3    package="com.chatapp"
4    android:versionCode="1"
5    android:versionName="1.0" >
6
7    <uses-sdk
8        android:minSdkVersion="21"
8-->src\main\AndroidManifest.xml
9        android:targetSdkVersion="32" />
9-->src\main\AndroidManifest.xml
10
11    <uses-permission android:name="android.permission.READ_EXTERNAL_STORAGE" />
11-->src\main\AndroidManifest.xml:4:5-80
11-->src\main\AndroidManifest.xml:4:22-77
12    <uses-permission android:name="android.permission.ACCESS_NETWORK_STATE" />
12-->[com.google.firebase:firebase-inappmessaging-display:20.1.2] AndroidManifest.xml:11:5-79
12-->[com.google.firebase:firebase-inappmessaging-display:20.1.2] AndroidManifest.xml:11:22-76
13    <uses-permission android:name="android.permission.INTERNET" />
13-->[com.google.firebase:firebase-inappmessaging-display:20.1.2] AndroidManifest.xml:12:5-67
13-->[com.google.firebase:firebase-inappmessaging-display:20.1.2] AndroidManifest.xml:12:22-64
14
15    <queries>
15-->[com.google.firebase:firebase-inappmessaging-display:20.1.2] AndroidManifest.xml:14:5-20:15
16        <intent>
16-->[com.google.firebase:firebase-inappmessaging-display:20.1.2] AndroidManifest.xml:15:9-19:18
17            <action android:name="android.intent.action.VIEW" />
17-->[com.google.firebase:firebase-inappmessaging-display:20.1.2] AndroidManifest.xml:16:13-65
17-->[com.google.firebase:firebase-inappmessaging-display:20.1.2] AndroidManifest.xml:16:21-62
18
19            <data android:scheme="https" />
19-->[com.google.firebase:firebase-inappmessaging-display:20.1.2] AndroidManifest.xml:18:13-44
19-->[com.google.firebase:firebase-inappmessaging-display:20.1.2] AndroidManifest.xml:18:19-41
20        </intent>
21    </queries>
22
23    <application
23-->src\main\AndroidManifest.xml:6:5-64:19
24        android:allowBackup="true"
24-->src\main\AndroidManifest.xml:7:9-35
25        android:appComponentFactory="androidx.core.app.CoreComponentFactory"
25-->[androidx.core:core:1.7.0] AndroidManifest.xml:24:18-86
26        android:debuggable="true"
27        android:icon="@mipmap/ic_launcher"
27-->src\main\AndroidManifest.xml:8:9-43
28        android:label="@string/app_name"
28-->src\main\AndroidManifest.xml:9:9-41
29        android:roundIcon="@mipmap/ic_launcher_round"
29-->src\main\AndroidManifest.xml:10:9-54
30        android:supportsRtl="true"
30-->src\main\AndroidManifest.xml:11:9-35
31        android:testOnly="true"
32        android:theme="@style/Theme.Material3.Dark" >
32-->src\main\AndroidManifest.xml:12:9-52
33        <activity
33-->src\main\AndroidManifest.xml:13:9-21:16
34            android:name="com.chatapp.conversation.MainActivity"
34-->src\main\AndroidManifest.xml:14:13-54
35            android:exported="true" >
35-->src\main\AndroidManifest.xml:15:13-36
36            <intent-filter>
36-->src\main\AndroidManifest.xml:16:9-20:21
37                <action android:name="android.intent.action.MAIN" />
37-->src\main\AndroidManifest.xml:17:9-61
37-->src\main\AndroidManifest.xml:17:17-58
38
39                <category android:name="android.intent.category.LAUNCHER" />
39-->src\main\AndroidManifest.xml:19:9-69
39-->src\main\AndroidManifest.xml:19:19-66
40            </intent-filter>
41        </activity>
42        <activity
42-->src\main\AndroidManifest.xml:22:9-28:20
43            android:name="com.chatapp.UserProfileActivity"
43-->src\main\AndroidManifest.xml:23:13-48
44            android:exported="false" >
44-->src\main\AndroidManifest.xml:24:13-37
45            <meta-data
45-->src\main\AndroidManifest.xml:25:13-27:62
46                android:name="android.support.PARENT_ACTIVITY"
46-->src\main\AndroidManifest.xml:26:17-63
47                android:value=".conversation.MainActivity" />
47-->src\main\AndroidManifest.xml:27:17-59
48        </activity>
49        <activity
49-->src\main\AndroidManifest.xml:29:9-35:20
50            android:name="com.chatapp.conversation.NewConversationActivity"
50-->src\main\AndroidManifest.xml:30:13-65
51            android:exported="false" >
51-->src\main\AndroidManifest.xml:31:13-37
52            <meta-data
52-->src\main\AndroidManifest.xml:25:13-27:62
53                android:name="android.support.PARENT_ACTIVITY"
53-->src\main\AndroidManifest.xml:26:17-63
54                android:value=".conversation.MainActivity" />
54-->src\main\AndroidManifest.xml:27:17-59
55        </activity>
56        <activity
56-->src\main\AndroidManifest.xml:36:9-38:40
57            android:name="com.chatapp.account.avatar.AvatarChoiceActivity"
57-->src\main\AndroidManifest.xml:37:13-64
58            android:exported="false" />
58-->src\main\AndroidManifest.xml:38:13-37
59        <activity
59-->src\main\AndroidManifest.xml:39:9-42:20
60            android:name="com.chatapp.account.AccountMainActivity"
60-->src\main\AndroidManifest.xml:40:13-56
61            android:exported="true" >
61-->src\main\AndroidManifest.xml:41:13-36
62        </activity>
63        <activity
63-->src\main\AndroidManifest.xml:43:9-49:20
64            android:name="com.chatapp.account.register.RegisterEmailActivity"
64-->src\main\AndroidManifest.xml:44:13-67
65            android:exported="false" >
65-->src\main\AndroidManifest.xml:45:13-37
66            <meta-data
66-->src\main\AndroidManifest.xml:25:13-27:62
67                android:name="android.support.PARENT_ACTIVITY"
67-->src\main\AndroidManifest.xml:26:17-63
68                android:value=".account.AccountMainActivity" />
68-->src\main\AndroidManifest.xml:27:17-59
69        </activity>
70        <activity
70-->src\main\AndroidManifest.xml:50:9-56:20
71            android:name="com.chatapp.account.login.LoginEmailActivity"
71-->src\main\AndroidManifest.xml:51:13-61
72            android:exported="false" >
72-->src\main\AndroidManifest.xml:52:13-37
73            <meta-data
73-->src\main\AndroidManifest.xml:25:13-27:62
74                android:name="android.support.PARENT_ACTIVITY"
74-->src\main\AndroidManifest.xml:26:17-63
75                android:value=".account.AccountMainActivity" />
75-->src\main\AndroidManifest.xml:27:17-59
76        </activity>
77        <activity
77-->src\main\AndroidManifest.xml:57:9-63:20
78            android:name="com.chatapp.conversation.ChatActivity"
78-->src\main\AndroidManifest.xml:58:13-54
79            android:exported="false" >
79-->src\main\AndroidManifest.xml:59:13-37
80            <meta-data
80-->src\main\AndroidManifest.xml:25:13-27:62
81                android:name="android.support.PARENT_ACTIVITY"
81-->src\main\AndroidManifest.xml:26:17-63
82                android:value=".conversation.MainActivity" />
82-->src\main\AndroidManifest.xml:27:17-59
83        </activity>
84
85        <service
85-->[com.google.firebase:firebase-inappmessaging-display-ktx:20.1.2] AndroidManifest.xml:12:9-18:19
86            android:name="com.google.firebase.components.ComponentDiscoveryService"
86-->[com.google.firebase:firebase-inappmessaging-display-ktx:20.1.2] AndroidManifest.xml:13:13-84
87            android:directBootAware="true"
87-->[com.google.firebase:firebase-common:20.1.0] AndroidManifest.xml:35:13-43
88            android:exported="false" >
88-->[com.google.firebase:firebase-inappmessaging-display-ktx:20.1.2] AndroidManifest.xml:14:13-37
89            <meta-data
89-->[com.google.firebase:firebase-inappmessaging-display-ktx:20.1.2] AndroidManifest.xml:15:13-17:85
90                android:name="com.google.firebase.components:com.google.firebase.inappmessaging.display.ktx.FirebaseInAppMessagingDisplayKtxRegistrar"
90-->[com.google.firebase:firebase-inappmessaging-display-ktx:20.1.2] AndroidManifest.xml:16:17-151
91                android:value="com.google.firebase.components.ComponentRegistrar" />
91-->[com.google.firebase:firebase-inappmessaging-display-ktx:20.1.2] AndroidManifest.xml:17:17-82
92            <meta-data
92-->[com.google.firebase:firebase-inappmessaging-display:20.1.2] AndroidManifest.xml:26:13-28:85
93                android:name="com.google.firebase.components:com.google.firebase.inappmessaging.display.FirebaseInAppMessagingDisplayRegistrar"
93-->[com.google.firebase:firebase-inappmessaging-display:20.1.2] AndroidManifest.xml:27:17-144
94                android:value="com.google.firebase.components.ComponentRegistrar" />
94-->[com.google.firebase:firebase-inappmessaging-display:20.1.2] AndroidManifest.xml:28:17-82
95            <meta-data
95-->[com.google.firebase:firebase-auth-ktx:21.0.3] AndroidManifest.xml:11:13-13:85
96                android:name="com.google.firebase.components:com.google.firebase.auth.ktx.FirebaseAuthKtxRegistrar"
96-->[com.google.firebase:firebase-auth-ktx:21.0.3] AndroidManifest.xml:12:17-116
97                android:value="com.google.firebase.components.ComponentRegistrar" />
97-->[com.google.firebase:firebase-auth-ktx:21.0.3] AndroidManifest.xml:13:17-82
98            <meta-data
98-->[com.google.firebase:firebase-auth:21.0.3] AndroidManifest.xml:67:13-69:85
99                android:name="com.google.firebase.components:com.google.firebase.auth.FirebaseAuthRegistrar"
99-->[com.google.firebase:firebase-auth:21.0.3] AndroidManifest.xml:68:17-109
100                android:value="com.google.firebase.components.ComponentRegistrar" />
100-->[com.google.firebase:firebase-auth:21.0.3] AndroidManifest.xml:69:17-82
101            <meta-data
101-->[com.google.firebase:firebase-firestore-ktx:24.1.1] AndroidManifest.xml:15:13-17:85
102                android:name="com.google.firebase.components:com.google.firebase.firestore.ktx.FirebaseFirestoreKtxRegistrar"
102-->[com.google.firebase:firebase-firestore-ktx:24.1.1] AndroidManifest.xml:16:17-126
103                android:value="com.google.firebase.components.ComponentRegistrar" />
103-->[com.google.firebase:firebase-firestore-ktx:24.1.1] AndroidManifest.xml:17:17-82
104            <meta-data
104-->[com.google.firebase:firebase-storage-ktx:20.0.1] AndroidManifest.xml:15:13-17:85
105                android:name="com.google.firebase.components:com.google.firebase.storage.ktx.FirebaseStorageKtxRegistrar"
105-->[com.google.firebase:firebase-storage-ktx:20.0.1] AndroidManifest.xml:16:17-122
106                android:value="com.google.firebase.components.ComponentRegistrar" />
106-->[com.google.firebase:firebase-storage-ktx:20.0.1] AndroidManifest.xml:17:17-82
107            <meta-data
107-->[com.google.firebase:firebase-database-ktx:20.0.4] AndroidManifest.xml:15:13-17:85
108                android:name="com.google.firebase.components:com.google.firebase.database.ktx.FirebaseDatabaseKtxRegistrar"
108-->[com.google.firebase:firebase-database-ktx:20.0.4] AndroidManifest.xml:16:17-124
109                android:value="com.google.firebase.components.ComponentRegistrar" />
109-->[com.google.firebase:firebase-database-ktx:20.0.4] AndroidManifest.xml:17:17-82
110            <meta-data
110-->[com.google.firebase:firebase-firestore:24.1.1] AndroidManifest.xml:20:13-22:85
111                android:name="com.google.firebase.components:com.google.firebase.firestore.FirestoreRegistrar"
111-->[com.google.firebase:firebase-firestore:24.1.1] AndroidManifest.xml:21:17-111
112                android:value="com.google.firebase.components.ComponentRegistrar" />
112-->[com.google.firebase:firebase-firestore:24.1.1] AndroidManifest.xml:22:17-82
113            <meta-data
113-->[com.google.firebase:firebase-storage:20.0.1] AndroidManifest.xml:33:13-35:85
114                android:name="com.google.firebase.components:com.google.firebase.storage.StorageRegistrar"
114-->[com.google.firebase:firebase-storage:20.0.1] AndroidManifest.xml:34:17-107
115                android:value="com.google.firebase.components.ComponentRegistrar" />
115-->[com.google.firebase:firebase-storage:20.0.1] AndroidManifest.xml:35:17-82
116            <meta-data
116-->[com.google.firebase:firebase-database:20.0.4] AndroidManifest.xml:32:13-34:85
117                android:name="com.google.firebase.components:com.google.firebase.database.DatabaseRegistrar"
117-->[com.google.firebase:firebase-database:20.0.4] AndroidManifest.xml:33:17-109
118                android:value="com.google.firebase.components.ComponentRegistrar" />
118-->[com.google.firebase:firebase-database:20.0.4] AndroidManifest.xml:34:17-82
119            <meta-data
119-->[com.google.firebase:firebase-inappmessaging-ktx:20.1.2] AndroidManifest.xml:15:13-17:85
120                android:name="com.google.firebase.components:com.google.firebase.inappmessaging.ktx.FirebaseInAppMessagingKtxRegistrar"
120-->[com.google.firebase:firebase-inappmessaging-ktx:20.1.2] AndroidManifest.xml:16:17-136
121                android:value="com.google.firebase.components.ComponentRegistrar" />
121-->[com.google.firebase:firebase-inappmessaging-ktx:20.1.2] AndroidManifest.xml:17:17-82
122            <meta-data
122-->[com.google.firebase:firebase-common-ktx:20.1.0] AndroidManifest.xml:15:13-17:85
123                android:name="com.google.firebase.components:com.google.firebase.ktx.FirebaseCommonKtxRegistrar"
123-->[com.google.firebase:firebase-common-ktx:20.1.0] AndroidManifest.xml:16:17-113
124                android:value="com.google.firebase.components.ComponentRegistrar" />
124-->[com.google.firebase:firebase-common-ktx:20.1.0] AndroidManifest.xml:17:17-82
125            <meta-data
125-->[com.google.firebase:firebase-inappmessaging:20.1.2] AndroidManifest.xml:17:13-19:85
126                android:name="com.google.firebase.components:com.google.firebase.inappmessaging.FirebaseInAppMessagingRegistrar"
126-->[com.google.firebase:firebase-inappmessaging:20.1.2] AndroidManifest.xml:18:17-129
127                android:value="com.google.firebase.components.ComponentRegistrar" />
127-->[com.google.firebase:firebase-inappmessaging:20.1.2] AndroidManifest.xml:19:17-82
128            <meta-data
128-->[com.google.firebase:firebase-abt:21.0.1] AndroidManifest.xml:13:13-15:85
129                android:name="com.google.firebase.components:com.google.firebase.abt.component.AbtRegistrar"
129-->[com.google.firebase:firebase-abt:21.0.1] AndroidManifest.xml:14:17-109
130                android:value="com.google.firebase.components.ComponentRegistrar" />
130-->[com.google.firebase:firebase-abt:21.0.1] AndroidManifest.xml:15:17-82
131            <meta-data
131-->[com.google.firebase:firebase-datatransport:18.1.1] AndroidManifest.xml:28:13-30:85
132                android:name="com.google.firebase.components:com.google.firebase.datatransport.TransportRegistrar"
132-->[com.google.firebase:firebase-datatransport:18.1.1] AndroidManifest.xml:29:17-115
133                android:value="com.google.firebase.components.ComponentRegistrar" />
133-->[com.google.firebase:firebase-datatransport:18.1.1] AndroidManifest.xml:30:17-82
134            <meta-data
134-->[com.google.firebase:firebase-installations:17.0.1] AndroidManifest.xml:18:13-20:85
135                android:name="com.google.firebase.components:com.google.firebase.installations.FirebaseInstallationsRegistrar"
135-->[com.google.firebase:firebase-installations:17.0.1] AndroidManifest.xml:19:17-127
136                android:value="com.google.firebase.components.ComponentRegistrar" />
136-->[com.google.firebase:firebase-installations:17.0.1] AndroidManifest.xml:20:17-82
137        </service>
138
139        <activity
139-->[com.google.firebase:firebase-auth:21.0.3] AndroidManifest.xml:27:9-44:20
140            android:name="com.google.firebase.auth.internal.GenericIdpActivity"
140-->[com.google.firebase:firebase-auth:21.0.3] AndroidManifest.xml:28:13-80
141            android:excludeFromRecents="true"
141-->[com.google.firebase:firebase-auth:21.0.3] AndroidManifest.xml:29:13-46
142            android:exported="true"
142-->[com.google.firebase:firebase-auth:21.0.3] AndroidManifest.xml:30:13-36
143            android:launchMode="singleTask"
143-->[com.google.firebase:firebase-auth:21.0.3] AndroidManifest.xml:31:13-44
144            android:theme="@android:style/Theme.Translucent.NoTitleBar" >
144-->[com.google.firebase:firebase-auth:21.0.3] AndroidManifest.xml:32:13-72
145            <intent-filter>
145-->[com.google.firebase:firebase-auth:21.0.3] AndroidManifest.xml:33:13-43:29
146                <action android:name="android.intent.action.VIEW" />
146-->[com.google.firebase:firebase-inappmessaging-display:20.1.2] AndroidManifest.xml:16:13-65
146-->[com.google.firebase:firebase-inappmessaging-display:20.1.2] AndroidManifest.xml:16:21-62
147
148                <category android:name="android.intent.category.DEFAULT" />
148-->[com.google.firebase:firebase-auth:21.0.3] AndroidManifest.xml:36:17-76
148-->[com.google.firebase:firebase-auth:21.0.3] AndroidManifest.xml:36:27-73
149                <category android:name="android.intent.category.BROWSABLE" />
149-->[com.google.firebase:firebase-auth:21.0.3] AndroidManifest.xml:37:17-78
149-->[com.google.firebase:firebase-auth:21.0.3] AndroidManifest.xml:37:27-75
150
151                <data
151-->[com.google.firebase:firebase-inappmessaging-display:20.1.2] AndroidManifest.xml:18:13-44
152                    android:host="firebase.auth"
153                    android:path="/"
154                    android:scheme="genericidp" />
154-->[com.google.firebase:firebase-inappmessaging-display:20.1.2] AndroidManifest.xml:18:19-41
155            </intent-filter>
156        </activity>
157        <activity
157-->[com.google.firebase:firebase-auth:21.0.3] AndroidManifest.xml:45:9-62:20
158            android:name="com.google.firebase.auth.internal.RecaptchaActivity"
158-->[com.google.firebase:firebase-auth:21.0.3] AndroidManifest.xml:46:13-79
159            android:excludeFromRecents="true"
159-->[com.google.firebase:firebase-auth:21.0.3] AndroidManifest.xml:47:13-46
160            android:exported="true"
160-->[com.google.firebase:firebase-auth:21.0.3] AndroidManifest.xml:48:13-36
161            android:launchMode="singleTask"
161-->[com.google.firebase:firebase-auth:21.0.3] AndroidManifest.xml:49:13-44
162            android:theme="@android:style/Theme.Translucent.NoTitleBar" >
162-->[com.google.firebase:firebase-auth:21.0.3] AndroidManifest.xml:50:13-72
163            <intent-filter>
163-->[com.google.firebase:firebase-auth:21.0.3] AndroidManifest.xml:51:13-61:29
164                <action android:name="android.intent.action.VIEW" />
164-->[com.google.firebase:firebase-inappmessaging-display:20.1.2] AndroidManifest.xml:16:13-65
164-->[com.google.firebase:firebase-inappmessaging-display:20.1.2] AndroidManifest.xml:16:21-62
165
166                <category android:name="android.intent.category.DEFAULT" />
166-->[com.google.firebase:firebase-auth:21.0.3] AndroidManifest.xml:36:17-76
166-->[com.google.firebase:firebase-auth:21.0.3] AndroidManifest.xml:36:27-73
167                <category android:name="android.intent.category.BROWSABLE" />
167-->[com.google.firebase:firebase-auth:21.0.3] AndroidManifest.xml:37:17-78
167-->[com.google.firebase:firebase-auth:21.0.3] AndroidManifest.xml:37:27-75
168
169                <data
169-->[com.google.firebase:firebase-inappmessaging-display:20.1.2] AndroidManifest.xml:18:13-44
170                    android:host="firebase.auth"
171                    android:path="/"
172                    android:scheme="recaptcha" />
172-->[com.google.firebase:firebase-inappmessaging-display:20.1.2] AndroidManifest.xml:18:19-41
173            </intent-filter>
174        </activity>
175
176        <uses-library
176-->[androidx.window:window:1.0.0] AndroidManifest.xml:25:9-27:40
177            android:name="androidx.window.extensions"
177-->[androidx.window:window:1.0.0] AndroidManifest.xml:26:13-54
178            android:required="false" />
178-->[androidx.window:window:1.0.0] AndroidManifest.xml:27:13-37
179        <uses-library
179-->[androidx.window:window:1.0.0] AndroidManifest.xml:28:9-30:40
180            android:name="androidx.window.sidecar"
180-->[androidx.window:window:1.0.0] AndroidManifest.xml:29:13-51
181            android:required="false" />
181-->[androidx.window:window:1.0.0] AndroidManifest.xml:30:13-37
182
183        <provider
183-->[com.squareup.picasso:picasso:2.71828] AndroidManifest.xml:8:9-11:40
184            android:name="com.squareup.picasso.PicassoProvider"
184-->[com.squareup.picasso:picasso:2.71828] AndroidManifest.xml:9:13-64
185            android:authorities="com.chatapp.com.squareup.picasso"
185-->[com.squareup.picasso:picasso:2.71828] AndroidManifest.xml:10:13-72
186            android:exported="false" />
186-->[com.squareup.picasso:picasso:2.71828] AndroidManifest.xml:11:13-37
187
188        <activity
188-->[com.google.android.gms:play-services-auth:20.1.0] AndroidManifest.xml:23:9-27:75
189            android:name="com.google.android.gms.auth.api.signin.internal.SignInHubActivity"
189-->[com.google.android.gms:play-services-auth:20.1.0] AndroidManifest.xml:24:13-93
190            android:excludeFromRecents="true"
190-->[com.google.android.gms:play-services-auth:20.1.0] AndroidManifest.xml:25:13-46
191            android:exported="false"
191-->[com.google.android.gms:play-services-auth:20.1.0] AndroidManifest.xml:26:13-37
192            android:theme="@android:style/Theme.Translucent.NoTitleBar" />
192-->[com.google.android.gms:play-services-auth:20.1.0] AndroidManifest.xml:27:13-72
193        <!--
194            Service handling Google Sign-In user revocation. For apps that do not integrate with
195            Google Sign-In, this service will never be started.
196        -->
197        <service
197-->[com.google.android.gms:play-services-auth:20.1.0] AndroidManifest.xml:33:9-37:51
198            android:name="com.google.android.gms.auth.api.signin.RevocationBoundService"
198-->[com.google.android.gms:play-services-auth:20.1.0] AndroidManifest.xml:34:13-89
199            android:exported="true"
199-->[com.google.android.gms:play-services-auth:20.1.0] AndroidManifest.xml:35:13-36
200            android:permission="com.google.android.gms.auth.api.signin.permission.REVOCATION_NOTIFICATION"
200-->[com.google.android.gms:play-services-auth:20.1.0] AndroidManifest.xml:36:13-107
201            android:visibleToInstantApps="true" />
201-->[com.google.android.gms:play-services-auth:20.1.0] AndroidManifest.xml:37:13-48
202
203        <activity
203-->[com.google.android.gms:play-services-base:18.0.1] AndroidManifest.xml:20:9-22:45
204            android:name="com.google.android.gms.common.api.GoogleApiActivity"
204-->[com.google.android.gms:play-services-base:18.0.1] AndroidManifest.xml:20:19-85
205            android:exported="false"
205-->[com.google.android.gms:play-services-base:18.0.1] AndroidManifest.xml:22:19-43
206            android:theme="@android:style/Theme.Translucent.NoTitleBar" />
206-->[com.google.android.gms:play-services-base:18.0.1] AndroidManifest.xml:21:19-78
207
208        <provider
208-->[com.google.firebase:firebase-common:20.1.0] AndroidManifest.xml:26:9-31:39
209            android:name="com.google.firebase.provider.FirebaseInitProvider"
209-->[com.google.firebase:firebase-common:20.1.0] AndroidManifest.xml:27:13-77
210            android:authorities="com.chatapp.firebaseinitprovider"
210-->[com.google.firebase:firebase-common:20.1.0] AndroidManifest.xml:28:13-72
211            android:directBootAware="true"
211-->[com.google.firebase:firebase-common:20.1.0] AndroidManifest.xml:29:13-43
212            android:exported="false"
212-->[com.google.firebase:firebase-common:20.1.0] AndroidManifest.xml:30:13-37
213            android:initOrder="100" />
213-->[com.google.firebase:firebase-common:20.1.0] AndroidManifest.xml:31:13-36
214
215        <meta-data
215-->[com.google.android.gms:play-services-basement:18.0.0] AndroidManifest.xml:21:9-23:69
216            android:name="com.google.android.gms.version"
216-->[com.google.android.gms:play-services-basement:18.0.0] AndroidManifest.xml:22:13-58
217            android:value="@integer/google_play_services_version" />
217-->[com.google.android.gms:play-services-basement:18.0.0] AndroidManifest.xml:23:13-66
218
219        <provider
219-->[androidx.emoji2:emoji2:1.0.0] AndroidManifest.xml:26:9-34:20
220            android:name="androidx.startup.InitializationProvider"
220-->[androidx.emoji2:emoji2:1.0.0] AndroidManifest.xml:27:13-67
221            android:authorities="com.chatapp.androidx-startup"
221-->[androidx.emoji2:emoji2:1.0.0] AndroidManifest.xml:28:13-68
222            android:exported="false" >
222-->[androidx.emoji2:emoji2:1.0.0] AndroidManifest.xml:29:13-37
223            <meta-data
223-->[androidx.emoji2:emoji2:1.0.0] AndroidManifest.xml:31:13-33:52
224                android:name="androidx.emoji2.text.EmojiCompatInitializer"
224-->[androidx.emoji2:emoji2:1.0.0] AndroidManifest.xml:32:17-75
225                android:value="androidx.startup" />
225-->[androidx.emoji2:emoji2:1.0.0] AndroidManifest.xml:33:17-49
226            <meta-data
226-->[androidx.lifecycle:lifecycle-process:2.4.0] AndroidManifest.xml:31:13-33:52
227                android:name="androidx.lifecycle.ProcessLifecycleInitializer"
227-->[androidx.lifecycle:lifecycle-process:2.4.0] AndroidManifest.xml:32:17-78
228                android:value="androidx.startup" />
228-->[androidx.lifecycle:lifecycle-process:2.4.0] AndroidManifest.xml:33:17-49
229        </provider>
230
231        <service
231-->[com.google.android.datatransport:transport-backend-cct:3.1.1] AndroidManifest.xml:29:9-35:19
232            android:name="com.google.android.datatransport.runtime.backends.TransportBackendDiscovery"
232-->[com.google.android.datatransport:transport-backend-cct:3.1.1] AndroidManifest.xml:30:13-103
233            android:exported="false" >
233-->[com.google.android.datatransport:transport-backend-cct:3.1.1] AndroidManifest.xml:31:13-37
234            <meta-data
234-->[com.google.android.datatransport:transport-backend-cct:3.1.1] AndroidManifest.xml:32:13-34:39
235                android:name="backend:com.google.android.datatransport.cct.CctBackendFactory"
235-->[com.google.android.datatransport:transport-backend-cct:3.1.1] AndroidManifest.xml:33:17-94
236                android:value="cct" />
236-->[com.google.android.datatransport:transport-backend-cct:3.1.1] AndroidManifest.xml:34:17-36
237        </service>
238        <service
238-->[com.google.android.datatransport:transport-runtime:3.1.1] AndroidManifest.xml:26:9-30:19
239            android:name="com.google.android.datatransport.runtime.scheduling.jobscheduling.JobInfoSchedulerService"
239-->[com.google.android.datatransport:transport-runtime:3.1.1] AndroidManifest.xml:27:13-117
240            android:exported="false"
240-->[com.google.android.datatransport:transport-runtime:3.1.1] AndroidManifest.xml:28:13-37
241            android:permission="android.permission.BIND_JOB_SERVICE" >
241-->[com.google.android.datatransport:transport-runtime:3.1.1] AndroidManifest.xml:29:13-69
242        </service>
243
244        <receiver
244-->[com.google.android.datatransport:transport-runtime:3.1.1] AndroidManifest.xml:32:9-34:40
245            android:name="com.google.android.datatransport.runtime.scheduling.jobscheduling.AlarmManagerSchedulerBroadcastReceiver"
245-->[com.google.android.datatransport:transport-runtime:3.1.1] AndroidManifest.xml:33:13-132
246            android:exported="false" />
246-->[com.google.android.datatransport:transport-runtime:3.1.1] AndroidManifest.xml:34:13-37
247    </application>
248
249</manifest>